2026-04-19 15:06:40.244: [INFO][Sync] Reset engine, reason: 8
2026-04-19 15:06:40.244: [INFO][Sync] Stopped: Bookmarks
2026-04-19 15:06:40.244: [INFO][Sync] Stopped: Preferences
2026-04-19 15:06:40.244: [INFO][Sync] Stopped: Passwords
2026-04-19 15:06:40.244: [INFO][Sync] Stopped: Autofill Profiles
2026-04-19 15:06:40.245: [INFO][Sync] Stopped: Autofill
2026-04-19 15:06:40.245: [INFO][Sync] Stopped: Extensions
2026-04-19 15:06:40.245: [INFO][Sync] Stopped: Sessions
2026-04-19 15:06:40.245: [INFO][Sync] Stopped: Extension settings
2026-04-19 15:06:40.245: [INFO][Sync] Stopped: History Delete Directives
2026-04-19 15:06:40.245: [INFO][Sync] Stopped: Device Info
2026-04-19 15:06:40.245: [INFO][Sync] Stopped: User Consents
2026-04-19 15:06:40.245: [INFO][Sync] Stopped: Send Tab To Self
2026-04-19 15:06:40.245: [INFO][Sync] Stopped: Web Apps
2026-04-19 15:06:40.245: [INFO][Sync] Stopped: History
2026-04-19 15:06:40.245: [INFO][Sync] Stopped: Saved Tab Group
2026-04-19 15:06:40.245: [INFO][Sync] Stopped: WebAuthn Credentials
2026-04-19 15:06:40.245: [INFO][Sync] Stopped: Collection
2026-04-19 15:06:40.245: [INFO][Sync] Stopped: Edge E Drop
2026-04-19 15:06:40.245: [INFO][Sync] Stopped: Edge Hub App Usage
2026-04-19 15:06:40.245: [INFO][Sync] Stopped: Edge Wallet
2026-04-19 15:06:40.245: [INFO][Sync] Stopped: Edge Workspace
2026-04-19 15:06:40.245: [INFO][Sync] SyncState after authenticated was: NotSignedIn
2026-04-19 15:06:40.380: [INFO][Sync] Reset engine, reason: 8
2026-04-19 15:06:40.380: [INFO][Sync] Stopped: Bookmarks
2026-04-19 15:06:40.380: [INFO][Sync] Stopped: Preferences
2026-04-19 15:06:40.380: [INFO][Sync] Stopped: Passwords
2026-04-19 15:06:40.380: [INFO][Sync] Stopped: Autofill Profiles
2026-04-19 15:06:40.380: [INFO][Sync] Stopped: Autofill
2026-04-19 15:06:40.380: [INFO][Sync] Stopped: Extensions
2026-04-19 15:06:40.380: [INFO][Sync] Stopped: Sessions
2026-04-19 15:06:40.380: [INFO][Sync] Stopped: Extension settings
2026-04-19 15:06:40.380: [INFO][Sync] Stopped: History Delete Directives
2026-04-19 15:06:40.380: [INFO][Sync] Stopped: Device Info
2026-04-19 15:06:40.380: [INFO][Sync] Stopped: User Consents
2026-04-19 15:06:40.380: [INFO][Sync] Stopped: Send Tab To Self
2026-04-19 15:06:40.380: [INFO][Sync] Stopped: Web Apps
2026-04-19 15:06:40.380: [INFO][Sync] Stopped: History
2026-04-19 15:06:40.380: [INFO][Sync] Stopped: Saved Tab Group
2026-04-19 15:06:40.380: [INFO][Sync] Stopped: WebAuthn Credentials
2026-04-19 15:06:40.380: [INFO][Sync] Stopped: Collection
2026-04-19 15:06:40.380: [INFO][Sync] Stopped: Edge E Drop
2026-04-19 15:06:40.380: [INFO][Sync] Stopped: Edge Hub App Usage
2026-04-19 15:06:40.380: [INFO][Sync] Stopped: Edge Wallet
2026-04-19 15:06:40.380: [INFO][Sync] Stopped: Edge Workspace
2026-04-19 15:06:41.983: [INFO][Sync] Try to start sync engine
2026-04-19 15:06:41.983: [INFO][SyncManagerImpl::NudgeForInitialDownload] Initial download nudge for Encryption Keys
2026-04-19 15:06:41.983: [INFO][SyncEngineBackend::LoadAndConnectNigoriController] Load and connect Nigori controller
2026-04-19 15:06:41.983: [INFO][SyncEngineBackend::DoInitialize] Control Types added: Encryption Keys
2026-04-19 15:06:41.983: [INFO][SyncManagerImpl::ConfigureSyncer] Types to download: Encryption Keys with reason: 3
2026-04-19 15:06:41.983: [INFO][SyncSchedulerImpl::DoConfigurationSyncCycleJob] Configure job was blocked
2026-04-19 15:06:42.004: [INFO][SyncAuthManager::SetLastAuthError] Current auth error: None
2026-04-19 15:06:42.004: [INFO][SyncAuthManager::EdgeLogTokenErrorState] Token error with: None for account type: MSA
2026-04-19 15:06:42.004: [INFO][Sync] Credentials changed for: EdgeSyncScopeNew
2026-04-19 15:06:42.677: [INFO][SyncAuthManager::SetLastAuthError] Current auth error: None
2026-04-19 15:06:42.677: [INFO][SyncAuthManager::EdgeLogTokenErrorState] Token error with: None for account type: MSA
2026-04-19 15:06:42.677: [INFO][Sync] Credentials changed for: EdgeSyncKeyDataScope
2026-04-19 15:06:42.677: [INFO][SyncEngineBackend::DoUpdateKeyDataCredentials] Update key data credentials
2026-04-19 15:06:42.677: [INFO][SyncEngineBackend::DoUpdateCredentials] Update credentials
2026-04-19 15:06:42.677: [INFO][SyncSchedulerImpl::DoConfigurationSyncCycleJob] Blocked types:  and types to download: Encryption Keys
2026-04-19 15:06:43.249: [INFO][Sync] Started DataTypeManager configuration, reason: 4
2026-04-19 15:06:43.249: [INFO][Sync] Configuring for: Bookmarks, Preferences, Passwords, Autofill Profiles, Autofill, Extensions, Sessions, Extension settings, History Delete Directives, Device Info, User Consents, Send Tab To Self, Web Apps, History, Saved Tab Group, WebAuthn Credentials, Collection, Edge E Drop, Edge Hub App Usage, Edge Wallet, Edge Workspace, Encryption Keys, reason: 3, current state: 0
2026-04-19 15:06:43.249: [WARN][Sync] Crypto error data types: Passwords, Autofill Profiles, Autofill
2026-04-19 15:06:43.251: [INFO][Sync] Configure, desired: Bookmarks, Preferences, Extensions, Sessions, Extension settings, History Delete Directives, Device Info, User Consents, Send Tab To Self, Web Apps, History, Saved Tab Group, WebAuthn Credentials, Collection, Edge E Drop, Edge Hub App Usage, Edge Wallet, Edge Workspace, Encryption Keys; Allow fail: Passwords, Autofill Profiles, Autofill
2026-04-19 15:06:43.251: [INFO][Sync] Loading: Bookmarks
2026-04-19 15:06:43.251: [INFO][Sync] Loading: Preferences
2026-04-19 15:06:43.251: [INFO][Sync] Loading: Extensions
2026-04-19 15:06:43.251: [INFO][Sync] Loading: Sessions
2026-04-19 15:06:43.251: [INFO][Sync] Loading: Extension settings
2026-04-19 15:06:43.251: [INFO][Sync] Loading: History Delete Directives
2026-04-19 15:06:43.251: [INFO][Sync] Loading: Device Info
2026-04-19 15:06:43.251: [INFO][Sync] Loading: User Consents
2026-04-19 15:06:43.251: [INFO][Sync] Loading: Send Tab To Self
2026-04-19 15:06:43.251: [INFO][Sync] Loading: Web Apps
2026-04-19 15:06:43.251: [INFO][Sync] Loading: History
2026-04-19 15:06:43.251: [INFO][Sync] Loading: Saved Tab Group
2026-04-19 15:06:43.251: [INFO][Sync] Loading: WebAuthn Credentials
2026-04-19 15:06:43.251: [INFO][Sync] Loading: Collection
2026-04-19 15:06:43.251: [INFO][Sync] Loading: Edge E Drop
2026-04-19 15:06:43.251: [INFO][Sync] Loading: Edge Hub App Usage
2026-04-19 15:06:43.251: [INFO][Sync] Loading: Edge Wallet
2026-04-19 15:06:43.251: [INFO][Sync] Loading: Edge Workspace
2026-04-19 15:06:43.253: [INFO][Sync] All data types are ready for configure.
2026-04-19 15:06:44.019: [INFO][Sync] Started DataTypeManager configuration, reason: 5
2026-04-19 15:06:44.020: [INFO][Sync] Configuring for: Bookmarks, Preferences, Passwords, Autofill Profiles, Autofill, Extensions, Sessions, Extension settings, History Delete Directives, Device Info, User Consents, Send Tab To Self, Web Apps, History, Saved Tab Group, WebAuthn Credentials, Collection, Edge E Drop, Edge Hub App Usage, Edge Wallet, Edge Workspace, Encryption Keys, reason: 5, current state: 1
2026-04-19 15:06:44.022: [INFO][SyncEngineBackend::DoStartConfiguration] Start configuration
2026-04-19 15:06:44.022: [INFO][SyncManagerImpl::NudgeForInitialDownload] Initial download nudge for Bookmarks
2026-04-19 15:06:44.022: [INFO][SyncManagerImpl::NudgeForInitialDownload] Initial download nudge for Preferences
2026-04-19 15:06:44.022: [INFO][SyncManagerImpl::NudgeForInitialDownload] Initial download nudge for Extensions
2026-04-19 15:06:44.022: [INFO][SyncManagerImpl::NudgeForInitialDownload] Initial download nudge for Sessions
2026-04-19 15:06:44.022: [INFO][SyncManagerImpl::NudgeForInitialDownload] Initial download nudge for Extension settings
2026-04-19 15:06:44.022: [INFO][SyncManagerImpl::NudgeForInitialDownload] Initial download nudge for History Delete Directives
2026-04-19 15:06:44.023: [INFO][SyncManagerImpl::NudgeForInitialDownload] Initial download nudge for Device Info
2026-04-19 15:06:44.023: [INFO][SyncManagerImpl::NudgeForInitialDownload] Initial download nudge for Send Tab To Self
2026-04-19 15:06:44.023: [INFO][SyncManagerImpl::NudgeForInitialDownload] Initial download nudge for Web Apps
2026-04-19 15:06:44.023: [INFO][SyncManagerImpl::NudgeForInitialDownload] Initial download nudge for History
2026-04-19 15:06:44.023: [INFO][SyncManagerImpl::NudgeForInitialDownload] Initial download nudge for Saved Tab Group
2026-04-19 15:06:44.023: [INFO][SyncManagerImpl::NudgeForInitialDownload] Initial download nudge for WebAuthn Credentials
2026-04-19 15:06:44.023: [INFO][SyncManagerImpl::NudgeForInitialDownload] Initial download nudge for Collection
2026-04-19 15:06:44.023: [INFO][SyncManagerImpl::NudgeForInitialDownload] Initial download nudge for Edge E Drop
2026-04-19 15:06:44.023: [INFO][SyncManagerImpl::NudgeForInitialDownload] Initial download nudge for Edge Hub App Usage
2026-04-19 15:06:44.023: [INFO][SyncManagerImpl::NudgeForInitialDownload] Initial download nudge for Edge Wallet
2026-04-19 15:06:44.023: [INFO][SyncManagerImpl::NudgeForInitialDownload] Initial download nudge for Edge Workspace
2026-04-19 15:06:44.023: [INFO][SyncManagerImpl::ConfigureSyncer] Types to download:  with reason: 3
2026-04-19 15:06:44.023: [INFO][SyncEngineBackend::DoFinishConfigureDataTypes] Failed to download types:  and succeeded types: 
2026-04-19 15:06:44.026: [INFO][Sync] ConfigurationDone, failed: , succeeded: , remaining count: 4
2026-04-19 15:06:44.026: [WARN][Sync]     Reconfigure requested while configuration ongoing.
2026-04-19 15:06:44.026: [INFO][Sync] Configuring for: Bookmarks, Preferences, Passwords, Autofill Profiles, Autofill, Extensions, Sessions, Extension settings, History Delete Directives, Device Info, User Consents, Send Tab To Self, Web Apps, History, Saved Tab Group, WebAuthn Credentials, Collection, Edge E Drop, Edge Hub App Usage, Edge Wallet, Edge Workspace, Encryption Keys, reason: 5, current state: 2
2026-04-19 15:06:44.026: [INFO][Sync] Configure, desired: Bookmarks, Preferences, Passwords, Autofill Profiles, Autofill, Extensions, Sessions, Extension settings, History Delete Directives, Device Info, User Consents, Send Tab To Self, Web Apps, History, Saved Tab Group, WebAuthn Credentials, Collection, Edge E Drop, Edge Hub App Usage, Edge Wallet, Edge Workspace, Encryption Keys; Allow fail: 
2026-04-19 15:06:44.026: [INFO][Sync] Loading: Passwords
2026-04-19 15:06:44.026: [INFO][Sync] Loading: Autofill Profiles
2026-04-19 15:06:44.026: [INFO][Sync] Loading: Autofill
2026-04-19 15:06:44.026: [INFO][Sync] All data types are ready for configure.
2026-04-19 15:06:44.026: [INFO][SyncManagerImpl::NudgeForInitialDownload] Initial download nudge for Passwords
2026-04-19 15:06:44.026: [INFO][SyncManagerImpl::NudgeForInitialDownload] Initial download nudge for Autofill Profiles
2026-04-19 15:06:44.026: [INFO][SyncManagerImpl::NudgeForInitialDownload] Initial download nudge for Autofill
2026-04-19 15:06:44.026: [INFO][SyncManagerImpl::ConfigureSyncer] Types to download:  with reason: 5
2026-04-19 15:06:44.026: [INFO][SyncEngineBackend::DoFinishConfigureDataTypes] Failed to download types:  and succeeded types: 
2026-04-19 15:06:44.026: [INFO][Sync] ConfigurationDone, failed: , succeeded: , remaining count: 4
2026-04-19 15:06:44.026: [INFO][Sync] Prepare to configure types: Preferences, Passwords, Device Info, Send Tab To Self, Edge E Drop, Encryption Keys
2026-04-19 15:06:44.026: [INFO][SyncManagerImpl::ConfigureSyncer] Types to download: Preferences, Passwords, Device Info, Send Tab To Self, Edge E Drop, Encryption Keys with reason: 5
2026-04-19 15:06:44.026: [INFO][SyncSchedulerImpl::DoConfigurationSyncCycleJob] Blocked types:  and types to download: Preferences, Passwords, Device Info, Send Tab To Self, Edge E Drop, Encryption Keys
2026-04-19 15:06:44.979: [INFO][SyncEngineBackend::DoFinishConfigureDataTypes] Failed to download types:  and succeeded types: Preferences, Passwords, Device Info, Send Tab To Self, Edge E Drop, Encryption Keys
2026-04-19 15:06:44.981: [INFO][Sync] ConfigurationDone, failed: , succeeded: Preferences, Passwords, Device Info, Send Tab To Self, Edge E Drop, Encryption Keys, remaining count: 3
2026-04-19 15:06:44.981: [INFO][Sync] Prepare to configure types: Bookmarks, Encryption Keys
2026-04-19 15:06:44.981: [INFO][SyncManagerImpl::ConfigureSyncer] Types to download: Bookmarks, Encryption Keys with reason: 5
2026-04-19 15:06:44.981: [INFO][SyncSchedulerImpl::DoConfigurationSyncCycleJob] Blocked types:  and types to download: Bookmarks, Encryption Keys
2026-04-19 15:06:45.159: [INFO][SyncEngineBackend::DoFinishConfigureDataTypes] Failed to download types:  and succeeded types: Bookmarks, Encryption Keys
2026-04-19 15:06:45.167: [INFO][Sync] ConfigurationDone, failed: , succeeded: Bookmarks, Encryption Keys, remaining count: 2
2026-04-19 15:06:45.167: [INFO][Sync] Prepare to configure types: Autofill Profiles, Autofill, Extensions, Sessions, Extension settings, History Delete Directives, Web Apps, Saved Tab Group, WebAuthn Credentials, Collection, Edge Hub App Usage, Edge Wallet, Edge Workspace, Encryption Keys
2026-04-19 15:06:45.167: [INFO][SyncManagerImpl::ConfigureSyncer] Types to download: Autofill Profiles, Autofill, Extensions, Sessions, Extension settings, History Delete Directives, Web Apps, Saved Tab Group, WebAuthn Credentials, Collection, Edge Hub App Usage, Edge Wallet, Edge Workspace, Encryption Keys with reason: 5
2026-04-19 15:06:45.167: [INFO][SyncSchedulerImpl::DoConfigurationSyncCycleJob] Blocked types:  and types to download: Autofill Profiles, Autofill, Extensions, Sessions, Extension settings, History Delete Directives, Web Apps, Saved Tab Group, WebAuthn Credentials, Collection, Edge Hub App Usage, Edge Wallet, Edge Workspace, Encryption Keys
2026-04-19 15:06:46.310: [INFO][Sync] Reset engine, reason: 0
2026-04-19 15:06:46.310: [INFO][Sync] Reset engine with reason: 0
2026-04-19 15:06:46.310: [INFO][SyncSchedulerImpl::OnSyncNetworkError] Syncer error: Network error (ERR_ABORTED)
2026-04-19 15:06:46.311: [INFO][SyncSchedulerImpl::DoConfigurationSyncCycleJob] Syncer error: Success
