{"logTime": "0419/150643", "correlationVector":"qBX9lH/0MM2deqCwPhKarh.1","action":"SyncServerConnectionManagerRequest", "result":"SYNC_SERVER_OK", "context":{"environment":"Prod_southeastasia_prod-s01-065-apac-southeastasia", "migrationStage":"NotStarted", "server":"akswtt000000003"}}
{"logTime": "0419/150643", "correlationVector":"qBX9lH/0MM2deqCwPhKarh.2","action":"ProcessGetUpdates", "result":"Done", "context":{"dataType":"Encryption Keys", "deleted":"0", "process_failed_to_decrypt":"0", "process_pending_decryption":"0", "process_success":"1", "total":"1"}}
{"logTime": "0419/150643", "correlationVector":"1cJs0S0knFdhM7IDMmpAHj","action":"SyncServerConnectionManagerRequest", "result":"SYNC_SERVER_OK", "context":{"environment":"", "migrationStage":"", "server":""}}
{"logTime": "0419/150643", "correlationVector":"1cJs0S0knFdhM7IDMmpAHj.0","action":"EncryptionKeysFetcher.DownloadKeys:", "result":"Success", "context":Key count: 6, Last key timestamp: 2025-11-16T16:09:30Z}
{"logTime": "0419/150643", "correlationVector":"1cJs0S0knFdhM7IDMmpAHj.1","action":"EncryptionKeysManager::SetEncryptionKeys:", "result":"Success", "context":Key names[6]:[SGg4527/LOqWoBjewRsIOklA+xCZF5Acf3wgPQm2xYNTcfSnRmS6ruDEMO4avJdJ6wJcZr7wx4kAWkdAucEiaw==][njD3JEQEDw6EZLumD7Sq6SCCOXJoR4y2cB1IJ3Q1/ZwN28i/TES+tmWAMl2SBaLVV4Hei9KybqtKYe1Lexyl4A==][WfBkk6u2A+40rALmAJwSnjIbb8Tde1DPFOVAz8IALPVUn2Gzq6DEq6vosz569ZZlblOp7YEWLMLDnNq5zs13bw==][tYBCkDo4pxkXNSHal0yaiRgvB7TazHVP5OawwTmVgxGMDKudtzVVQ91OeneOrmyRVKke1uqc9dtnigg4XE0P2A==][HMhEluAZj/3RcM+OOMh3LppRuPbyqbfzJiUPOAqEMmxKmEpyrPO8Db/3xr5HUJaNaAHBnN2TJi8dQ2QTGIqK/g==][Ue2/bnQCh5AOXBdESj+EnMFkoDv3Kv6hgWSbXR3QPsILZBcqFjghAxaLnBkH6pDkZlPNM1zIbPADvDEItn0YYA==]}
{"logTime": "0419/150643", "correlationVector":"1cJs0S0knFdhM7IDMmpAHj.2","action":"EncryptionKeysManager::SetEncryptionKeysWithTimestamps:", "result":"Success", "context":Key timestamps[6]:[2024-06-24T09:02:02Z][2024-06-25T02:18:44Z][2024-09-19T14:13:38Z][2024-10-26T15:36:09Z][2025-05-18T13:31:50Z][2025-11-16T16:09:30Z]}
{"logTime": "0419/150643", "correlationVector":"qBX9lH/0MM2deqCwPhKarh","action":"Initial GetUpdates", "result":"", "context":Reason: NEW_CLIENT. cV=qBX9lH/0MM2deqCwPhKarh}
{"logTime": "0419/150643", "correlationVector":"qBX9lH/0MM2deqCwPhKarh.3","action":"GetUpdates Response", "result":"Success", "context":Received 1 update(s). cV=qBX9lH/0MM2deqCwPhKarh.0;server=akswtt000000003;cloudType=Consumer;environment=Prod_southeastasia_prod-s01-065-apac-southeastasia;migrationStage=NotStarted}
{"logTime": "0419/150643", "correlationVector":"Zh6V90rd631KnIQJGeJyxJ","action":"Initial GetUpdates", "result":"", "context":Reason: NEWLY_SUPPORTED_DATATYPE. cV=Zh6V90rd631KnIQJGeJyxJ}
{"logTime": "0419/150645", "correlationVector":"Zh6V90rd631KnIQJGeJyxJ.1","action":"SyncServerConnectionManagerRequest", "result":"SYNC_SERVER_OK", "context":{"environment":"Prod_southeastasia_prod-s01-064-apac-southeastasia", "migrationStage":"NotStarted", "server":"akswtt000000008"}}
{"logTime": "0419/150645", "correlationVector":"Zh6V90rd631KnIQJGeJyxJ.2","action":"ProcessGetUpdates", "result":"Done", "context":{"dataType":"Preferences", "deleted":"0", "process_failed_to_decrypt":"0", "process_pending_decryption":"0", "process_success":"57", "total":"57"}}
{"logTime": "0419/150645", "correlationVector":"Zh6V90rd631KnIQJGeJyxJ.3","action":"ProcessGetUpdates", "result":"Done", "context":{"dataType":"Passwords", "deleted":"0", "process_failed_to_decrypt":"0", "process_pending_decryption":"0", "process_success":"97", "total":"97"}}
{"logTime": "0419/150645", "correlationVector":"Zh6V90rd631KnIQJGeJyxJ.4","action":"ProcessGetUpdates", "result":"Done", "context":{"dataType":"Device Info", "deleted":"0", "process_failed_to_decrypt":"0", "process_pending_decryption":"0", "process_success":"4", "total":"4"}}
{"logTime": "0419/150645", "correlationVector":"Zh6V90rd631KnIQJGeJyxJ.5","action":"GetUpdates Response", "result":"Success", "context":Received 158 update(s). cV=Zh6V90rd631KnIQJGeJyxJ.0;server=akswtt000000008;cloudType=Consumer;environment=Prod_southeastasia_prod-s01-064-apac-southeastasia;migrationStage=NotStarted}
{"logTime": "0419/150645", "correlationVector":"N4dynvUq2g6Dsc6pI76Ddz","action":"Initial GetUpdates", "result":"", "context":Reason: NEWLY_SUPPORTED_DATATYPE. cV=N4dynvUq2g6Dsc6pI76Ddz}
{"logTime": "0419/150645", "correlationVector":"N4dynvUq2g6Dsc6pI76Ddz.1","action":"SyncServerConnectionManagerRequest", "result":"SYNC_SERVER_OK", "context":{"environment":"Prod_southeastasia_prod-s01-065-apac-southeastasia", "migrationStage":"NotStarted", "server":"akswtt000000007"}}
{"logTime": "0419/150645", "correlationVector":"N4dynvUq2g6Dsc6pI76Ddz.2","action":"ProcessGetUpdates", "result":"Done", "context":{"dataType":"Bookmarks", "deleted":"0", "process_failed_to_decrypt":"0", "process_pending_decryption":"0", "process_success":"21", "total":"21"}}
{"logTime": "0419/150645", "correlationVector":"N4dynvUq2g6Dsc6pI76Ddz.3","action":"GetUpdates Response", "result":"Success", "context":Received 21 update(s). cV=N4dynvUq2g6Dsc6pI76Ddz.0;server=akswtt000000007;cloudType=Consumer;environment=Prod_southeastasia_prod-s01-065-apac-southeastasia;migrationStage=NotStarted}
{"logTime": "0419/150645", "correlationVector":"L8MFqZ4DAnqHYEp81SbD3x","action":"Initial GetUpdates", "result":"", "context":Reason: NEWLY_SUPPORTED_DATATYPE. cV=L8MFqZ4DAnqHYEp81SbD3x}
{"logTime": "0419/150645", "correlationVector":"L8MFqZ4DAnqHYEp81SbD3x.1","action":"SyncServerConnectionManagerRequest", "result":"SYNC_SERVER_OK", "context":{"environment":"Prod_southeastasia_prod-s01-065-apac-southeastasia", "migrationStage":"NotStarted", "server":"akswtt000000005"}}
{"logTime": "0419/150645", "correlationVector":"L8MFqZ4DAnqHYEp81SbD3x.2","action":"ProcessGetUpdates", "result":"Done", "context":{"dataType":"Autofill Profiles", "deleted":"0", "process_failed_to_decrypt":"0", "process_pending_decryption":"0", "process_success":"1", "total":"1"}}
{"logTime": "0419/150645", "correlationVector":"L8MFqZ4DAnqHYEp81SbD3x.3","action":"ProcessGetUpdates", "result":"Done", "context":{"dataType":"Autofill", "deleted":"0", "process_failed_to_decrypt":"0", "process_pending_decryption":"0", "process_success":"236", "total":"236"}}
{"logTime": "0419/150645", "correlationVector":"L8MFqZ4DAnqHYEp81SbD3x.4","action":"ProcessGetUpdates", "result":"Done", "context":{"dataType":"Extensions", "deleted":"0", "process_failed_to_decrypt":"0", "process_pending_decryption":"0", "process_success":"2", "total":"2"}}
{"logTime": "0419/150645", "correlationVector":"L8MFqZ4DAnqHYEp81SbD3x.5","action":"ProcessGetUpdates", "result":"Done", "context":{"dataType":"Extension settings", "deleted":"0", "process_failed_to_decrypt":"0", "process_pending_decryption":"0", "process_success":"11", "total":"11"}}
{"logTime": "0419/150645", "correlationVector":"L8MFqZ4DAnqHYEp81SbD3x.6","action":"GetUpdates Response", "result":"Success", "context":Received 250 update(s). cV=L8MFqZ4DAnqHYEp81SbD3x.0;server=akswtt000000005;cloudType=Consumer;environment=Prod_southeastasia_prod-s01-065-apac-southeastasia;migrationStage=NotStarted Some updates remain.}
{"logTime": "0419/150645", "correlationVector":"7mFlK0uVBxJLI15UqHmgeB","action":"Initial GetUpdates", "result":"", "context":Reason: NEWLY_SUPPORTED_DATATYPE. cV=7mFlK0uVBxJLI15UqHmgeB}
{"logTime": "0419/150646", "correlationVector":"7mFlK0uVBxJLI15UqHmgeB","action":"SyncServerConnectionManagerRequest", "result":"CONNECTION_UNAVAILABLE", "context":{"error_type":"net_error_code", "error_value":"-3"}}
